<?xml version="1.0" encoding="UTF-8"?>
<!-- Generated by org.testng.reporters.JUnitReportReporter -->
<testsuite skipped="0" hostname="DESKTOP-822REE7" name="posttest.createpersonresponse.CreatePersonResponseTest" tests="1" failures="0" timestamp="2019-11-06T23:14:29 IST" time="1.807" errors="0">
  <testcase name="getCreatePersonResponse" time="1.807" classname="posttest.createpersonresponse.CreatePersonResponseTest"/>
</testsuite> <!-- posttest.createpersonresponse.CreatePersonResponseTest -->
