<?xml version="1.0" encoding="UTF-8"?>
<!-- Generated by org.testng.reporters.JUnitReportReporter -->
<testsuite skipped="0" hostname="DESKTOP-822REE7" name="gettest.personreponse.GreetPersonResonseTest" tests="1" failures="0" timestamp="2019-11-06T23:01:27 IST" time="1.689" errors="0">
  <testcase name="getGreetingPersonNameResponse" time="1.689" classname="gettest.personreponse.GreetPersonResonseTest"/>
</testsuite> <!-- gettest.personreponse.GreetPersonResonseTest -->
